-------------------------------------------------------------------------------
Test set: TestSuite
-------------------------------------------------------------------------------
Tests run: 4, Failures: 1, Errors: 0, Skipped: 0, Time elapsed: 18.679 s <<< FAILURE! - in TestSuite
Academy.validateTitle.titleNavigation  Time elapsed: 0.032 s  <<< FAILURE!
java.lang.AssertionError: expected [Featured Courses222] but found [Featured Courses]
	at Academy.validateTitle.titleNavigation(validateTitle.java:34)

