<?xml version="1.0" encoding="UTF-8"?>
<testsuite xmlns:xsi="http://www.w3.org/2001/XMLSchema-instance" xsi:noNamespaceSchemaLocation="https://maven.apache.org/surefire/maven-surefire-plugin/xsd/surefire-test-report-3.0.xsd" version="3.0" name="TestSuite" time="18.679" tests="4" errors="0" skipped="0" failures="1">
  <properties>
[...]
</properties>
  <testcase name="navbarNavigation" classname="Academy.validateNavBar" time="0.036">
    <system-out><![CDATA[Trying to identify navigation bar:
]]></system-out>
    <system-err><![CDATA[Starting ChromeDriver 91.0.4472.19 (1bf021f248676a0b2ab3ee0561d83a59e424c23e-refs/branch-heads/4472@{#288}) on port 11941
Only local connectiSotnasr tarie nagl lCohwreodm.eD
rPilevaeser  s9ee1 .h0tt.p4s4:/7/2chro.m1ed9r i(ve1rb.fc0hr2o1mfiu2m4.86o7r6ga0/bse2caurbi3tye-ceon0s5id6e1rdat8i3onas5 9foer4 s2u4ggce2s3tieo-nsr eofn sk/eebprinagn Cchhro-mheDeraivdesr/ s4a4fe7.S2t
a@rCt{ih#rngo2m 8CehD8rr}oi)mve eDorrni  wvpeortra  s93 31s1.t08ar
t.Oe4n4dl7y 2s. 1u9lc co(ec1sbasffl0u 2lc1lofyn2n4.e8c6
t7io6ans0 abr2aeb 3aelel0o5w6e1dd.83
aP5l9eea4s2e4 cs23eee- rhetftsp/sb:r/a/ncchhr-ohmeeaddrsi/v4er4.7c2h@r{o#m2i88u}m). oorng /psoertc u1r7i8t6y3-c
oOnnsliyd elroactailo ncso nfnoerc tsiuogngse satrieo nasl loonw ekde.ep
iPnlgea sCeh rsoemee Dhrtitvpesr: /s/acfher.om
edriver.chromium.org/security-considerations for suggestions on keeping ChromeDriver safe.
ChromeDriver was started successfully.
ChromeDriver was started successfully.
Jul 16, 2021 1:39:40 PM org.openqa.selenium.remote.ProtocolHandshake createSession
INFO: Detected dialect: W3C
Jul 16, 2021 1:39:40 PM org.openqa.selenium.remote.ProtocolHandshake createSession
INFO: Detected dialect: W3C
Jul 16, 2021 1:39:40 PM org.openqa.selenium.remote.ProtocolHandshake createSession
INFO: Detected dialect: W3C
]]></system-err>
  </testcase>
  <testcase name="headerNavigation" classname="Academy.validateTitle" time="0.034"/>
  <testcase name="titleNavigation" classname="Academy.validateTitle" time="0.032">
    <failure message="expected [Featured Courses222] but found [Featured Courses]" type="java.lang.AssertionError"><![CDATA[java.lang.AssertionError: expected [Featured Courses222] but found [Featured Courses]
	at Academy.validateTitle.titleNavigation(validateTitle.java:34)
]]></failure>
  </testcase>
  <testcase name="basepageNavigation[gaston@gmail.com, gaston, Restricet User](1)" classname="Academy.homePage" time="5.651"/>
</testsuite>